<?xml version="1.0" encoding="UTF-8"?>
<!-- Generated by org.testng.reporters.JUnitXMLReporter -->
<testsuite ignored="0" hostname="DIPAK" failures="2" tests="4" name="firefoxTest" time="39.178" errors="0" timestamp="2022-05-31T14:39:43 IST">
  <testcase classname="com.SauceDemo.TestClasses.TC01LoginFunctionalityTestClass" name="chechLoginFunctionality" time="0.34">
    <failure type="java.lang.AssertionError" message="expected [ Labs] but found [Swag Labs]">
      <![CDATA[java.lang.AssertionError: expected [ Labs] but found [Swag Labs]
at com.SauceDemo.TestClasses.TC01LoginFunctionalityTestClass.chechLoginFunctionality(TC01LoginFunctionalityTestClass.java:33)
at java.base/java.util.ArrayList.forEach(ArrayList.java:1511)
... Removed 33 stack frames]]>
    </failure>
  </testcase> <!-- chechLoginFunctionality -->
  <testcase classname="com.SauceDemo.TestClasses.TC02LogOutFunctionalityTestClass" name="chechLogOutFunctionality" time="0.827"/>
  <testcase classname="com.SauceDemo.TestClasses.TC03SingleProductAddToCartFunctionality" name="checkSingleProductAddToCart" time="0.806"/>
  <testcase classname="com.SauceDemo.TestClasses.TC04MultipleProductAddToCartFunctionality" name="checkMultipleProductAddToCart" time="0.555">
    <failure type="java.lang.AssertionError" message="expected [6] but found [3]">
      <![CDATA[java.lang.AssertionError: expected [6] but found [3]
at com.SauceDemo.TestClasses.TC04MultipleProductAddToCartFunctionality.checkMultipleProductAddToCart(TC04MultipleProductAddToCartFunctionality.java:31)
at java.base/java.util.ArrayList.forEach(ArrayList.java:1511)
... Removed 33 stack frames]]>
    </failure>
  </testcase> <!-- checkMultipleProductAddToCart -->
</testsuite> <!-- firefoxTest -->
